2023-09-21 17:36:25.697 [info] > conda info --json
2023-09-21 17:36:25.698 [info] Test server listening.
2023-09-21 17:36:25.719 [warning] Retry failed, storage update failed for key PYTHON_GLOBAL_STORAGE_KEYS
2023-09-21 17:36:25.724 [warning] Retry failed, storage update failed for key PYTHON_GLOBAL_STORAGE_KEYS
2023-09-21 17:36:25.724 [warning] Retry failed, storage update failed for key PYTHON_GLOBAL_STORAGE_KEYS
2023-09-21 17:36:25.724 [warning] Retry failed, storage update failed for key PYTHON_GLOBAL_STORAGE_KEYS
2023-09-21 17:36:25.724 [warning] Retry failed, storage update failed for key PYTHON_GLOBAL_STORAGE_KEYS
2023-09-21 17:36:25.724 [warning] Retry failed, storage update failed for key PYTHON_GLOBAL_STORAGE_KEYS
2023-09-21 17:36:25.724 [warning] Retry failed, storage update failed for key PYTHON_WAS_DISCOVERY_TRIGGERED_/home/zkitty/Spotify-Playlist-Download
2023-09-21 17:36:25.725 [warning] Retry failed, storage update failed for key PYTHON_WORKSPACE_STORAGE_KEYS
2023-09-21 17:36:25.725 [warning] Retry failed, storage update failed for key PYTHON_WORKSPACE_STORAGE_KEYS
2023-09-21 17:36:25.725 [warning] Retry failed, storage update failed for key PYTHON_WORKSPACE_STORAGE_KEYS
2023-09-21 17:36:25.856 [info] Found: /bin/python --> /bin/python3.11
2023-09-21 17:36:25.856 [info] Found: /bin/python3 --> /bin/python3.11
2023-09-21 17:36:25.857 [info] Found: /bin/python3.11 --> /bin/python3.11
2023-09-21 17:36:26.716 [info] Found: /sbin/python --> /sbin/python3.11
2023-09-21 17:36:26.717 [info] Found: /sbin/python3 --> /sbin/python3.11
2023-09-21 17:36:26.717 [info] Found: /sbin/python3.11 --> /sbin/python3.11
2023-09-21 17:36:26.733 [info] Found: /usr/bin/python --> /usr/bin/python3.11
2023-09-21 17:36:26.733 [info] Found: /usr/bin/python3 --> /usr/bin/python3.11
2023-09-21 17:36:26.734 [info] Found: /usr/bin/python3.11 --> /usr/bin/python3.11
2023-09-21 17:36:26.837 [info] Found: /usr/sbin/python --> /usr/sbin/python3.11
2023-09-21 17:36:26.838 [info] Found: /usr/sbin/python3 --> /usr/sbin/python3.11
2023-09-21 17:36:26.838 [info] Found: /usr/sbin/python3.11 --> /usr/sbin/python3.11
2023-09-21 17:36:26.925 [info] > /bin/python -I ~/.vscode-oss/extensions/ms-python.python-2023.14.0/pythonFiles/get_output_via_markers.py ~/.vscode-oss/extensions/ms-python.python-2023.14.0/pythonFiles/interpreterInfo.py
2023-09-21 17:36:26.969 [info] > /sbin/python -I ~/.vscode-oss/extensions/ms-python.python-2023.14.0/pythonFiles/get_output_via_markers.py ~/.vscode-oss/extensions/ms-python.python-2023.14.0/pythonFiles/interpreterInfo.py
2023-09-21 17:36:28.200 [info] > /usr/bin/python -I ~/.vscode-oss/extensions/ms-python.python-2023.14.0/pythonFiles/get_output_via_markers.py ~/.vscode-oss/extensions/ms-python.python-2023.14.0/pythonFiles/interpreterInfo.py
2023-09-21 17:36:28.233 [info] > /usr/sbin/python -I ~/.vscode-oss/extensions/ms-python.python-2023.14.0/pythonFiles/get_output_via_markers.py ~/.vscode-oss/extensions/ms-python.python-2023.14.0/pythonFiles/interpreterInfo.py
2023-09-21 17:36:29.915 [info] Starting Pylance language server.
2023-09-21 17:36:29.920 [warning] Retry failed, storage update failed for key PYTHON_GLOBAL_STORAGE_KEYS
2023-09-21 17:36:29.947 [info] Python interpreter path: /bin/python
2023-09-21 17:37:08.335 [info] Discover tests for workspace name: Spotify-Playlist-Download - uri: /home/zkitty/Spotify-Playlist-Download
2023-09-21 17:41:25.360 [info] Send text to terminal: /bin/python "/home/zkitty/spot/tst - .□zkittles/Untitled-1.py"
2023-09-21 17:44:56.447 [info] Discover tests for workspace name: Spotify-Playlist-Download - uri: /home/zkitty/Spotify-Playlist-Download/Spotify Music Downloader Medium Article.py
