2022-12-24 17:26:07.510 [info] Using settings sync service https://vscode-sync.trafficmanager.net/
2022-12-24 17:26:07.511 [info] Auto Sync is disabled.
2022-12-24 17:29:09.865 [info] Sync started.
2022-12-24 17:29:11.347 [info] Did reset the local sync state.
2022-12-24 17:29:11.414 [info] Settings: Last sync data state does not exist.
2022-12-24 17:29:11.861 [info] Profiles: Last sync data state does not exist.
2022-12-24 17:29:12.312 [info] Settings: Last sync data state does not exist.
2022-12-24 17:29:13.102 [info] Keybindings: Last sync data state does not exist.
2022-12-24 17:29:14.002 [info] Snippets: Last sync data state does not exist.
2022-12-24 17:29:14.488 [info] Tasks: Last sync data state does not exist.
2022-12-24 17:29:14.961 [info] GlobalState: Last sync data state does not exist.
2022-12-24 17:29:15.503 [info] Extensions: Last sync data state does not exist.
2022-12-24 17:29:16.835 [info] Profiles: Last sync data state does not exist.
2022-12-24 17:29:16.847 [info] Profiles: No changes found during synchronizing profiles.
2022-12-24 17:29:16.901 [info] Profiles: Updated last synchronized profiles.
2022-12-24 17:29:17.108 [info] GlobalState: Last sync data state does not exist.
2022-12-24 17:29:17.503 [info] Settings: Updated remote settings
2022-12-24 17:29:17.565 [info] Settings: Updated last synchronized settings
2022-12-24 17:29:17.573 [info] Keybindings: No changes found during synchronizing keybindings.
2022-12-24 17:29:17.632 [info] Keybindings: Updated last synchronized keybindings
2022-12-24 17:29:17.640 [info] Snippets: No changes found during synchronizing snippets.
2022-12-24 17:29:17.700 [info] Snippets: Updated last synchronized snippets
2022-12-24 17:29:17.705 [info] Tasks: No changes found during synchronizing tasks.
2022-12-24 17:29:17.772 [info] Tasks: Updated last synchronized tasks
2022-12-24 17:29:17.980 [info] GlobalState: Last sync data state does not exist.
2022-12-24 17:29:18.986 [info] GlobalState: Updated remote ui state. Added: workbench.panel.markers.hidden,workbench.panel.output.hidden,terminal.hidden,workbench.explorer.views.state.hidden,workbench.scm.views.state.hidden,workbench.view.search.state.hidden,workbench.activity.pinnedViewlets2,workbench.view.debug.state.hidden,workbench.statusbar.hidden,workbench.panel.pinnedPanels,colorThemeData,workbench.panel.repl.hidden,memento/gettingStartedService,workbench.welcomePage.hiddenCategories,workbench.view.extensions.state.hidden,workbench.panel.alignment,workbench.welcomePage.walkthroughMetadata.
2022-12-24 17:29:19.044 [info] GlobalState: Updated last synchronized ui state
2022-12-24 17:29:19.745 [info] Extensions: Updated remote extensions. Added: ["vscode.bat","vscode.clojure","vscode.coffeescript","vscode.configuration-editing","vscode.cpp","vscode.csharp","vscode.css","vscode.css-language-features","vscode.dart","vscode.debug-auto-launch","vscode.debug-server-ready","vscode.diff","vscode.docker","vscode.emmet","vscode.extension-editing","vscode.fsharp","vscode.git","vscode.git-base","vscode.github","vscode.github-authentication","vscode.go","vscode.groovy","vscode.grunt","vscode.gulp","vscode.handlebars","vscode.hlsl","vscode.html","vscode.html-language-features","vscode.ini","vscode.ipynb","vscode.jake","vscode.java","vscode.javascript","vscode.json","vscode.json-language-features","vscode.julia","vscode.latex","vscode.less","vscode.log","vscode.lua","vscode.make","vscode.markdown","vscode.markdown-language-features","vscode.markdown-math","vscode.media-preview","vscode.merge-conflict","vscode.microsoft-authentication","ms-vscode.js-debug","ms-vscode.js-debug-companion","ms-vscode.vscode-js-profile-table","vscode.builtin-notebook-renderers","vscode.npm","vscode.objective-c","vscode.perl","vscode.php","vscode.php-language-features","vscode.powershell","vscode.pug","vscode.python","vscode.r","vscode.razor","vscode.references-view","vscode.restructuredtext","vscode.ruby","vscode.rust","vscode.scss","vscode.search-result","vscode.shaderlab","vscode.shellscript","vscode.simple-browser","vscode.sql","vscode.swift","vscode.theme-abyss","vscode.theme-defaults","vscode.theme-kimbie-dark","vscode.theme-monokai","vscode.theme-monokai-dimmed","vscode.theme-quietlight","vscode.theme-red","vscode.vscode-theme-seti","vscode.theme-solarized-dark","vscode.theme-solarized-light","vscode.theme-tomorrow-night-blue","vscode.typescript","vscode.typescript-language-features","vscode.vb","vscode.xml","vscode.yaml","arcticicestudio.nord-visual-studio-code","hookyqr.beautify"].
2022-12-24 17:29:19.797 [info] Extensions: Updated last synchronized extensions.
2022-12-24 17:29:19.821 [info] Sync done. Took 9967ms
2022-12-24 17:29:19.928 [info] Auto Sync: Triggered by Interval
2022-12-24 17:29:19.930 [info] Sync started.
2022-12-24 17:29:20.828 [info] Profiles: No changes found during synchronizing profiles.
2022-12-24 17:29:20.846 [info] Settings: No changes found during synchronizing settings.
2022-12-24 17:29:20.864 [info] Keybindings: No changes found during synchronizing keybindings.
2022-12-24 17:29:20.882 [info] Snippets: No changes found during synchronizing snippets.
2022-12-24 17:29:20.899 [info] Tasks: No changes found during synchronizing tasks.
2022-12-24 17:29:22.104 [info] GlobalState: Updated remote ui state. Updated: memento/gettingStartedService.
2022-12-24 17:29:22.170 [info] GlobalState: Updated last synchronized ui state
2022-12-24 17:29:22.671 [info] Extensions: No changes found during synchronizing extensions.
2022-12-24 17:29:22.686 [info] Sync done. Took 2770ms
2022-12-24 17:29:23.749 [info] Auto Sync: Triggered by Activity
2022-12-24 17:29:23.751 [info] Sync started.
2022-12-24 17:29:24.187 [info] Profiles: No changes found during synchronizing profiles.
2022-12-24 17:29:24.207 [info] Settings: No changes found during synchronizing settings.
2022-12-24 17:29:24.227 [info] Keybindings: No changes found during synchronizing keybindings.
2022-12-24 17:29:24.243 [info] Snippets: No changes found during synchronizing snippets.
2022-12-24 17:29:24.257 [info] Tasks: No changes found during synchronizing tasks.
2022-12-24 17:29:24.281 [info] GlobalState: No changes found during synchronizing ui state.
2022-12-24 17:29:24.707 [info] Extensions: No changes found during synchronizing extensions.
2022-12-24 17:29:24.720 [info] Sync done. Took 972ms
2022-12-24 17:30:52.265 [info] Auto Sync: Triggered by Activity
2022-12-24 17:30:52.289 [info] Sync started.
2022-12-24 17:30:53.244 [info] Profiles: No changes found during synchronizing profiles.
2022-12-24 17:30:53.320 [info] Settings: No changes found during synchronizing settings.
2022-12-24 17:30:53.361 [info] Keybindings: No changes found during synchronizing keybindings.
2022-12-24 17:30:53.401 [info] Snippets: No changes found during synchronizing snippets.
2022-12-24 17:30:53.419 [info] Tasks: No changes found during synchronizing tasks.
2022-12-24 17:30:53.674 [info] GlobalState: No changes found during synchronizing ui state.
2022-12-24 17:30:54.905 [info] Extensions: No changes found during synchronizing extensions.
2022-12-24 17:30:54.924 [info] Sync done. Took 2889ms
2022-12-24 17:31:13.525 [info] Auto Sync: Triggered by Activity
2022-12-24 17:31:13.526 [info] Sync started.
2022-12-24 17:31:14.086 [info] Profiles: No changes found during synchronizing profiles.
2022-12-24 17:31:14.129 [info] Settings: No changes found during synchronizing settings.
2022-12-24 17:31:14.169 [info] Keybindings: No changes found during synchronizing keybindings.
2022-12-24 17:31:14.210 [info] Snippets: No changes found during synchronizing snippets.
2022-12-24 17:31:14.225 [info] Tasks: No changes found during synchronizing tasks.
2022-12-24 17:31:15.522 [info] GlobalState: Updated remote ui state. Updated: workbench.explorer.views.state.hidden.
2022-12-24 17:31:15.594 [info] GlobalState: Updated last synchronized ui state
2022-12-24 17:31:16.415 [info] Extensions: No changes found during synchronizing extensions.
2022-12-24 17:31:16.429 [info] Sync done. Took 2905ms
