2023-09-21 17:31:01.226 [info] Log level: Info
2023-09-21 17:31:01.226 [info] Validating found git in: "git"
2023-09-21 17:31:02.033 [info] Using git "2.41.0" from "git"
2023-09-21 17:31:31.285 [info] Log level: Info
2023-09-21 17:31:31.285 [info] Validating found git in: "git"
2023-09-21 17:31:31.285 [info] Using git "2.41.0" from "git"
2023-09-21 17:31:31.285 [info] > git rev-parse --show-toplevel [45ms]
2023-09-21 17:31:31.328 [info] > git rev-parse --git-dir --git-common-dir [23ms]
2023-09-21 17:31:31.374 [info] Open repository: /home/zkitty/Spotify-Playlist-Download
2023-09-21 17:31:31.440 [info] > git config --get commit.template [38ms]
2023-09-21 17:31:31.605 [info] > git for-each-ref --format=%(refname)%00%(upstream:short)%00%(objectname)%00%(upstream:track)%00%(upstream:remotename)%00%(upstream:remoteref) refs/heads/main refs/remotes/main [174ms]
2023-09-21 17:31:31.654 [info] > git status -z -uall [33ms]
2023-09-21 17:31:31.722 [info] > git config --get commit.template [10ms]
2023-09-21 17:31:31.764 [info] > git for-each-ref --format=%(refname)%00%(upstream:short)%00%(objectname)%00%(upstream:track)%00%(upstream:remotename)%00%(upstream:remoteref) refs/heads/main refs/remotes/main [21ms]
2023-09-21 17:31:31.790 [info] > git status -z -uall [8ms]
2023-09-21 17:31:31.975 [info] > git check-ignore -v -z --stdin [7ms]
2023-09-21 17:32:09.115 [info] > git ls-tree -l HEAD -- /home/zkitty/Spotify-Playlist-Download/Spotify Music Downloader Medium Article.ipynb [95ms]
2023-09-21 17:32:09.145 [info] > git show --textconv HEAD:Spotify Music Downloader Medium Article.ipynb [143ms]
2023-09-21 17:32:21.223 [info] > git ls-tree -l HEAD -- /home/zkitty/Spotify-Playlist-Download/Spotify Music Downloader Medium Article.ipynb [8ms]
2023-09-21 17:32:42.447 [info] > git log --oneline --cherry main...main@{upstream} -- [11ms]
2023-09-21 17:32:43.798 [info] > git ls-tree -l HEAD -- /home/zkitty/Spotify-Playlist-Download/Spotify Music Downloader Medium Article.ipynb [4ms]
2023-09-21 17:32:43.833 [info] > git show --textconv HEAD:Spotify Music Downloader Medium Article.ipynb [8ms]
2023-09-21 17:32:44.047 [info] > git pull --tags origin main [1562ms]
2023-09-21 17:32:44.048 [info] From https://github.com/surenjanath/Spotify-Playlist-Download
 * branch            main       -> FETCH_HEAD
2023-09-21 17:32:44.074 [info] > git config --get commit.template [4ms]
2023-09-21 17:32:44.094 [info] > git for-each-ref --format=%(refname)%00%(upstream:short)%00%(objectname)%00%(upstream:track)%00%(upstream:remotename)%00%(upstream:remoteref) refs/heads/main refs/remotes/main [4ms]
2023-09-21 17:32:44.122 [info] > git status -z -uall [10ms]
2023-09-21 17:32:45.261 [info] > git ls-tree -l HEAD -- /home/zkitty/Spotify-Playlist-Download/Spotify Music Downloader Medium Article.ipynb [8ms]
2023-09-21 17:32:45.292 [info] > git show --textconv HEAD:Spotify Music Downloader Medium Article.ipynb [5ms]
2023-09-21 17:32:46.255 [info] > git config --get commit.template [5ms]
2023-09-21 17:32:46.276 [info] > git for-each-ref --format=%(refname)%00%(upstream:short)%00%(objectname)%00%(upstream:track)%00%(upstream:remotename)%00%(upstream:remoteref) refs/heads/main refs/remotes/main [4ms]
2023-09-21 17:32:46.298 [info] > git status -z -uall [4ms]
2023-09-21 17:32:49.879 [info] > git fetch [1037ms]
2023-09-21 17:32:49.925 [info] > git config --get commit.template [21ms]
2023-09-21 17:32:49.933 [info] > git for-each-ref --format=%(refname)%00%(upstream:short)%00%(objectname)%00%(upstream:track)%00%(upstream:remotename)%00%(upstream:remoteref) refs/heads/main refs/remotes/main [12ms]
2023-09-21 17:32:49.962 [info] > git status -z -uall [10ms]
2023-09-21 17:32:51.088 [info] > git ls-tree -l HEAD -- /home/zkitty/Spotify-Playlist-Download/Spotify Music Downloader Medium Article.ipynb [5ms]
2023-09-21 17:32:51.115 [info] > git show --textconv HEAD:Spotify Music Downloader Medium Article.ipynb [4ms]
2023-09-21 17:32:51.468 [info] > git ls-tree -l HEAD -- /home/zkitty/Spotify-Playlist-Download/Spotify Music Downloader Medium Article.ipynb [12ms]
2023-09-21 17:32:52.978 [info] > git config --get commit.template [25ms]
2023-09-21 17:32:52.979 [info] > git for-each-ref --format=%(refname)%00%(upstream:short)%00%(objectname)%00%(upstream:track)%00%(upstream:remotename)%00%(upstream:remoteref) refs/heads/main refs/remotes/main [4ms]
2023-09-21 17:32:53.000 [info] > git status -z -uall [5ms]
2023-09-21 17:37:07.266 [info] > git fetch [1839ms]
2023-09-21 17:37:07.334 [info] > git for-each-ref --format=%(refname)%00%(upstream:short)%00%(objectname)%00%(upstream:track)%00%(upstream:remotename)%00%(upstream:remoteref) refs/heads/main refs/remotes/main [5ms]
2023-09-21 17:37:07.338 [info] > git config --get commit.template [31ms]
2023-09-21 17:37:07.400 [info] > git status -z -uall [42ms]
2023-09-21 17:40:13.654 [info] > git fetch [5568ms]
2023-09-21 17:40:13.786 [info] > git config --get commit.template [39ms]
2023-09-21 17:40:13.793 [info] > git for-each-ref --format=%(refname)%00%(upstream:short)%00%(objectname)%00%(upstream:track)%00%(upstream:remotename)%00%(upstream:remoteref) refs/heads/main refs/remotes/main [10ms]
2023-09-21 17:40:13.924 [info] > git status -z -uall [111ms]
2023-09-21 17:41:04.520 [info] > git rev-parse --show-toplevel [95ms]
2023-09-21 17:41:25.897 [info] > git rev-parse --show-toplevel [73ms]
2023-09-21 17:41:31.494 [info] > git config --get commit.template [381ms]
2023-09-21 17:41:32.718 [info] > git for-each-ref --format=%(refname)%00%(upstream:short)%00%(objectname)%00%(upstream:track)%00%(upstream:remotename)%00%(upstream:remoteref) refs/heads/main refs/remotes/main [920ms]
2023-09-21 17:41:32.920 [info] > git status -z -uall [184ms]
2023-09-21 17:45:01.448 [info] > git check-ignore -v -z --stdin [390ms]
