2022-12-24 17:26:12.761 [info] Reading sessions from keychain...
2022-12-24 17:26:12.762 [info] Getting sessions for user:email...
2022-12-24 17:26:12.762 [info] Got 0 sessions for user:email...
2022-12-24 17:26:12.765 [info] Getting sessions for all scopes...
2022-12-24 17:26:12.765 [info] Got 0 sessions for ...
2022-12-24 17:26:15.580 [info] Getting sessions for all scopes...
2022-12-24 17:26:15.580 [info] Got 0 sessions for ...
2022-12-24 17:27:45.354 [info] Getting sessions for all scopes...
2022-12-24 17:27:45.354 [info] Got 0 sessions for ...
2022-12-24 17:28:16.751 [info] Getting sessions for all scopes...
2022-12-24 17:28:16.751 [info] Got 0 sessions for ...
2022-12-24 17:28:22.770 [info] Getting sessions for user:email...
2022-12-24 17:28:22.770 [info] Got 0 sessions for user:email...
2022-12-24 17:28:26.979 [info] Logging in for the following scopes: user:email
2022-12-24 17:28:26.993 [info] Trying with local server... (user:email)
2022-12-24 17:29:05.211 [info] Exchanging code for token...
2022-12-24 17:29:08.744 [info] Token exchange success!
2022-12-24 17:29:08.750 [info] Getting user info...
2022-12-24 17:29:09.652 [info] Got account info!
2022-12-24 17:29:09.654 [info] Storing 1 sessions...
2022-12-24 17:29:09.818 [error] Setting token failed: Error: GDBus.Error:org.freedesktop.DBus.Error.ServiceUnknown: The name org.freedesktop.secrets was not provided by any .service files
2022-12-24 17:29:09.818 [info] Stored 1 sessions!
2022-12-24 17:29:09.819 [info] Login success!
2022-12-24 17:29:09.833 [info] Getting sessions for user:email...
2022-12-24 17:29:09.833 [info] Getting sessions for user:email...
2022-12-24 17:29:09.833 [info] Got 1 sessions for user:email...
2022-12-24 17:29:09.833 [info] Got 1 sessions for user:email...
2022-12-24 17:30:58.512 [info] Getting sessions for all scopes...
2022-12-24 17:30:58.529 [info] Got 1 sessions for ...
