2023-09-21 17:30:50.757 [info] Added views:workbench.panel.markers.view in workbench.panel.markers
2023-09-21 17:30:50.776 [info] Added views:workbench.panel.output in workbench.panel.output
2023-09-21 17:30:50.776 [info] Added views:terminal in terminal
2023-09-21 17:30:50.776 [info] Added views:outline in workbench.view.explorer
2023-09-21 17:30:50.776 [info] Added views:workbench.scm in workbench.view.scm
2023-09-21 17:30:50.776 [info] Added views:workbench.view.search in workbench.view.search
2023-09-21 17:30:50.776 [info] Added views:timeline in workbench.view.explorer
2023-09-21 17:30:50.776 [info] Added views:workbench.explorer.emptyView in workbench.view.explorer
2023-09-21 17:30:55.570 [info] Added views:workbench.debug.welcome in workbench.view.debug
2023-09-21 17:30:59.280 [info] Added views:workbench.panel.repl.view in workbench.panel.repl
2023-09-21 17:31:09.935 [info] Added views:workbench.panel.markers.view in workbench.panel.markers
2023-09-21 17:31:09.935 [info] Added views:workbench.panel.output in workbench.panel.output
2023-09-21 17:31:09.935 [info] Added views:terminal in terminal
2023-09-21 17:31:09.935 [info] Added views:outline in workbench.view.explorer
2023-09-21 17:31:09.935 [info] Added views:workbench.scm in workbench.view.scm
2023-09-21 17:31:09.935 [info] Added views:workbench.view.search in workbench.view.search
2023-09-21 17:31:09.935 [info] Added views:timeline in workbench.view.explorer
2023-09-21 17:31:09.935 [info] Added views:workbench.explorer.fileView in workbench.view.explorer
2023-09-21 17:31:13.484 [info] Added views:workbench.debug.variablesView,workbench.debug.watchExpressionsView,workbench.debug.callStackView,workbench.debug.breakPointsView in workbench.view.debug
2023-09-21 17:31:13.660 [info] Added views:workbench.panel.repl.view in workbench.panel.repl
2023-09-21 17:31:13.679 [info] Removed views:workbench.debug.breakPointsView,workbench.debug.callStackView,workbench.debug.watchExpressionsView,workbench.debug.variablesView from workbench.view.debug
2023-09-21 17:31:13.684 [info] Added views:workbench.debug.welcome in workbench.view.debug
2023-09-21 17:31:34.036 [info] Added views:workbench.views.extensions.installed,workbench.views.extensions.popular,extensions.recommendedList in workbench.view.extensions
2023-09-21 17:31:34.071 [info] Removed views:workbench.views.extensions.popular from workbench.view.extensions
2023-09-21 17:31:35.324 [info] Removed views:extensions.recommendedList,workbench.views.extensions.installed from workbench.view.extensions
2023-09-21 17:31:35.531 [info] Added views:workbench.views.extensions.marketplace in workbench.view.extensions
2023-09-21 17:33:17.811 [info] Removed views:workbench.views.extensions.marketplace from workbench.view.extensions
2023-09-21 17:33:17.956 [info] Added views:workbench.views.extensions.installed,extensions.recommendedList in workbench.view.extensions
2023-09-21 17:33:21.419 [info] Removed views:extensions.recommendedList,workbench.views.extensions.installed from workbench.view.extensions
2023-09-21 17:33:21.506 [info] Added views:workbench.views.extensions.marketplace in workbench.view.extensions
2023-09-21 17:33:43.282 [info] Removed views:workbench.views.extensions.marketplace from workbench.view.extensions
2023-09-21 17:33:43.372 [info] Added views:workbench.views.extensions.installed,extensions.recommendedList in workbench.view.extensions
2023-09-21 17:33:46.453 [info] Removed views:extensions.recommendedList,workbench.views.extensions.installed from workbench.view.extensions
2023-09-21 17:33:46.513 [info] Added views:workbench.views.extensions.marketplace in workbench.view.extensions
2023-09-21 17:34:55.578 [info] Removed views:workbench.views.extensions.marketplace from workbench.view.extensions
2023-09-21 17:34:55.711 [info] Added views:workbench.views.extensions.installed,extensions.recommendedList in workbench.view.extensions
2023-09-21 17:36:24.269 [info] Added views:workbench.view.testing in workbench.view.extension.test
